#
# A fatal error has been detected by the Java Runtime Environment:
#
#  Internal Error (javaCalls.cpp:51), pid=2000, tid=0x0000000000003f2c
#  guarantee(thread->is_Java_thread()) failed: crucial check - the VM thread cannot and must not escape to Java code
#
# JRE version: Java(TM) SE Runtime Environment (8.0_191-b12) (build 1.8.0_191-b12)
# Java VM: Java HotSpot(TM) 64-Bit Server VM (25.191-b12 mixed mode windows-amd64 compressed oops)
# Failed to write core dump. Minidumps are not enabled by default on client versions of Windows
#
# If you would like to submit a bug report, please visit:
#   http://bugreport.java.com/bugreport/crash.jsp
#

---------------  T H R E A D  ---------------

Current thread (0x000000005843c800):  VMThread [stack: 0x0000000059420000,0x0000000059520000] [id=16172]

Stack: [0x0000000059420000,0x0000000059520000]
[error occurred during error reporting (printing stack bounds), id 0xc0000005]

Native frames: (J=compiled Java code, j=interpreted, Vv=VM code, C=native code)

VM_Operation (0x000000005a4af1d0): GetOrSetLocal, mode: safepoint, requested by thread 0x0000000059971000


---------------  P R O C E S S  ---------------

Java Threads: ( => current thread )
  0x000000005ae86000 JavaThread "Abandoned connection cleanup thread" daemon [_thread_blocked, id=38024, stack(0x000000005b760000,0x000000005b860000)]
  0x0000000059b00800 JavaThread "Service Thread" daemon [_thread_blocked, id=38760, stack(0x000000005acb0000,0x000000005adb0000)]
  0x0000000059b15800 JavaThread "C1 CompilerThread2" daemon [_thread_blocked, id=33260, stack(0x000000005ab40000,0x000000005ac40000)]
  0x0000000059a5e800 JavaThread "C2 CompilerThread1" daemon [_thread_blocked, id=17568, stack(0x000000005a710000,0x000000005a810000)]
  0x0000000059a5e000 JavaThread "C2 CompilerThread0" daemon [_thread_blocked, id=42428, stack(0x000000005a880000,0x000000005a980000)]
  0x000000005997e000 JavaThread "JDWP Command Reader" daemon [_thread_in_native, id=13144, stack(0x000000005a610000,0x000000005a710000)]
  0x000000005997a800 JavaThread "JDWP Event Helper Thread" daemon [_thread_blocked, id=17628, stack(0x000000005a1a0000,0x000000005a2a0000)]
  0x0000000059971000 JavaThread "JDWP Transport Listener: dt_socket" daemon [_thread_blocked, id=43632, stack(0x000000005a3b0000,0x000000005a4b0000)]
  0x00000000584a3000 JavaThread "Attach Listener" daemon [_thread_blocked, id=1012, stack(0x0000000059740000,0x0000000059840000)]
  0x00000000584a2800 JavaThread "Signal Dispatcher" daemon [_thread_blocked, id=2832, stack(0x0000000059e80000,0x0000000059f80000)]
  0x000000005848b800 JavaThread "Finalizer" daemon [_thread_blocked, id=11196, stack(0x0000000059850000,0x0000000059950000)]
  0x0000000058444000 JavaThread "Reference Handler" daemon [_thread_blocked, id=11052, stack(0x0000000059610000,0x0000000059710000)]
  0x000000000321f000 JavaThread "main" [_thread_blocked, id=8016, stack(0x00000000032e0000,0x00000000033e0000)]

Other Threads:
=>0x000000005843c800 VMThread [stack: 0x0000000059420000,0x0000000059520000] [id=16172]
  0x0000000059b01800 WatcherThread [stack: 0x000000005aa00000,0x000000005ab00000] [id=40364]

VM state:at safepoint (normal execution)

VM Mutex/Monitor currently owned by a thread:  ([mutex/lock_event])
[0x00000000030f8b80] Threads_lock - owner thread: 0x000000005843c800

Heap:
 PSYoungGen      total 38400K, used 27395K [0x00000000d5c00000, 0x00000000d8680000, 0x0000000100000000)
  eden space 33280K, 82% used [0x00000000d5c00000,0x00000000d76c0f28,0x00000000d7c80000)
  from space 5120K, 0% used [0x00000000d8180000,0x00000000d8180000,0x00000000d8680000)
  to   space 5120K, 0% used [0x00000000d7c80000,0x00000000d7c80000,0x00000000d8180000)
 ParOldGen       total 87552K, used 0K [0x0000000081400000, 0x0000000086980000, 0x00000000d5c00000)
  object space 87552K, 0% used [0x0000000081400000,0x0000000081400000,0x0000000086980000)
 Metaspace       used 8182K, capacity 8280K, committed 8320K, reserved 1056768K
  class space    used 836K, capacity 883K, committed 896K, reserved 1048576K

Card table byte_map: [0x00000000129c0000,0x0000000012dc0000] byte_map_base: 0x00000000125b6000

Marking Bits: (ParMarkBitMap*) 0x0000000071223e30
 Begin Bits: [0x0000000013750000, 0x0000000015700000)
 End Bits:   [0x0000000015700000, 0x00000000176b0000)

Polling page: 0x0000000000280000

CodeCache: size=245760Kb used=3016Kb max_used=3038Kb free=242743Kb
 bounds [0x0000000003600000, 0x0000000003900000, 0x0000000012600000]
 total_blobs=879 nmethods=512 adapters=288
 compilation: enabled

Compilation events (10 events):
Event: 2595.265 Thread 0x0000000059b15800  510       3       org.eclipse.jdt.launching.internal.org.objectweb.asm.ClassReader::readVerificationTypeInfo (184 bytes)
Event: 2595.265 Thread 0x0000000059a5e000  513 %     4       org.eclipse.jdt.launching.internal.org.objectweb.asm.ClassReader::readCode @ 4655 (5071 bytes)
Event: 2595.269 Thread 0x0000000059b15800 nmethod 510 0x00000000038bfbd0 code [0x00000000038bfea0, 0x00000000038c1648]
Event: 2595.269 Thread 0x0000000059b15800  512       3       org.eclipse.jdt.launching.internal.org.objectweb.asm.MethodWriter::visitFrame (737 bytes)
Event: 2595.272 Thread 0x0000000059b15800 nmethod 512 0x00000000038bbe90 code [0x00000000038bc320, 0x00000000038be368]
Event: 2595.272 Thread 0x0000000059b15800  511       3       org.eclipse.jdt.launching.internal.org.objectweb.asm.MethodWriter::putFrameType (83 bytes)
Event: 2595.272 Thread 0x0000000059b15800 nmethod 511 0x00000000038c5010 code [0x00000000038c5220, 0x00000000038c5c38]
Event: 2595.297 Thread 0x0000000059a5e000 nmethod 513% 0x00000000038b2b50 code [0x00000000038b2d20, 0x00000000038b6010]
Event: 2611.408 Thread 0x0000000059b15800  514       3       org.eclipse.jdt.launching.internal.org.objectweb.asm.ClassReader::readStackMapFrame (535 bytes)
Event: 2611.412 Thread 0x0000000059b15800 nmethod 514 0x00000000038b0810 code [0x00000000038b0a80, 0x00000000038b1c98]

GC Heap History (0 events):
No events

Deoptimization events (6 events):
Event: 0.506 Thread 0x000000000321f000 Uncommon trap: reason=unstable_if action=reinterpret pc=0x000000000377fdc8 method=org.eclipse.jdt.launching.internal.org.objectweb.asm.ClassReader.readUTF8(I[C)Ljava/lang/String; @ 11
Event: 0.509 Thread 0x000000000321f000 Uncommon trap: reason=unstable_if action=reinterpret pc=0x00000000037889e0 method=org.eclipse.jdt.launching.internal.org.objectweb.asm.ClassReader.readUTF(II[C)Ljava/lang/String; @ 41
Event: 0.509 Thread 0x000000000321f000 Uncommon trap: reason=unstable_if action=reinterpret pc=0x000000000378321c method=org.eclipse.jdt.launching.internal.org.objectweb.asm.ByteVector.putUTF8(Ljava/lang/String;)Lorg/eclipse/jdt/launching/internal/org/objectweb/asm/ByteVector; @ 98
Event: 0.509 Thread 0x000000000321f000 Uncommon trap: reason=unstable_if action=reinterpret pc=0x0000000003787710 method=org.eclipse.jdt.launching.internal.org.objectweb.asm.ClassReader.readUTF(II[C)Ljava/lang/String; @ 41
Event: 1.003 Thread 0x000000000321f000 Uncommon trap: reason=unstable_if action=reinterpret pc=0x00000000038a6554 method=java.lang.String.indexOf([CII[CIII)I @ 3
Event: 1956.880 Thread 0x0000000059971000 Uncommon trap: reason=unstable_if action=reinterpret pc=0x00000000037f6298 method=org.eclipse.jdt.launching.internal.org.objectweb.asm.ByteVector.putUTF8(Ljava/lang/String;)Lorg/eclipse/jdt/launching/internal/org/objectweb/asm/ByteVector; @ 98

Classes redefined (9 events):
Event: 1956.907 Thread 0x000000005843c800 redefined class name=ch16.C16_1, count=1
Event: 1990.232 Thread 0x000000005843c800 redefined class name=ch16.C16_1, count=2
Event: 2049.371 Thread 0x000000005843c800 redefined class name=ch16.C16_1, count=3
Event: 2085.339 Thread 0x000000005843c800 redefined class name=ch16.C16_1, count=4
Event: 2455.519 Thread 0x000000005843c800 redefined class name=ch16.C16_1, count=5
Event: 2538.232 Thread 0x000000005843c800 redefined class name=ch16.C16_1, count=6
Event: 2595.268 Thread 0x000000005843c800 redefined class name=ch16.C16_1, count=7
Event: 2611.411 Thread 0x000000005843c800 redefined class name=ch16.C16_1, count=8
Event: 2618.172 Thread 0x000000005843c800 redefined class name=ch16.C16_1, count=9

Internal exceptions (6 events):
Event: 0.038 Thread 0x000000000321f000 Exception <a 'java/lang/NoSuchMethodError': Method sun.misc.Unsafe.defineClass(Ljava/lang/String;[BII)Ljava/lang/Class; name or signature does not match> (0x00000000d5c07cb0) thrown at [C:\re\workspace\8-2-build-windows-amd64-cygwin\jdk8u191\11896\hotspot
Event: 0.038 Thread 0x000000000321f000 Exception <a 'java/lang/NoSuchMethodError': Method sun.misc.Unsafe.prefetchRead(Ljava/lang/Object;J)V name or signature does not match> (0x00000000d5c07f98) thrown at [C:\re\workspace\8-2-build-windows-amd64-cygwin\jdk8u191\11896\hotspot\src\share\vm\prim
Event: 0.446 Thread 0x000000000321f000 Exception <a 'java/security/PrivilegedActionException'> (0x00000000d62637d8) thrown at [C:\re\workspace\8-2-build-windows-amd64-cygwin\jdk8u191\11896\hotspot\src\share\vm\prims\jvm.cpp, line 1435]
Event: 0.446 Thread 0x000000000321f000 Exception <a 'java/security/PrivilegedActionException'> (0x00000000d62639e8) thrown at [C:\re\workspace\8-2-build-windows-amd64-cygwin\jdk8u191\11896\hotspot\src\share\vm\prims\jvm.cpp, line 1435]
Event: 0.446 Thread 0x000000000321f000 Exception <a 'java/security/PrivilegedActionException'> (0x00000000d62665f0) thrown at [C:\re\workspace\8-2-build-windows-amd64-cygwin\jdk8u191\11896\hotspot\src\share\vm\prims\jvm.cpp, line 1435]
Event: 0.446 Thread 0x000000000321f000 Exception <a 'java/security/PrivilegedActionException'> (0x00000000d6266800) thrown at [C:\re\workspace\8-2-build-windows-amd64-cygwin\jdk8u191\11896\hotspot\src\share\vm\prims\jvm.cpp, line 1435]

Events (10 events):
Event: 2618.172 Executing VM operation: RedefineClasses done
Event: 2618.175 Executing VM operation: ChangeBreakpoints
Event: 2618.176 Executing VM operation: ChangeBreakpoints done
Event: 2618.180 Executing VM operation: ChangeBreakpoints
Event: 2618.180 Executing VM operation: ChangeBreakpoints done
Event: 2618.309 Executing VM operation: GetOwnedMonitorInfo
Event: 2618.309 Executing VM operation: GetOwnedMonitorInfo done
Event: 2618.310 Executing VM operation: GetCurrentContendedMonitor
Event: 2618.310 Executing VM operation: GetCurrentContendedMonitor done
Event: 2676.520 Executing VM operation: GetOrSetLocal


Dynamic libraries:
0x000000013f110000 - 0x000000013f147000 	D:\Programs\Java\jre1.8.0_191\bin\javaw.exe
0x00000000774e0000 - 0x000000007767f000 	C:\windows\SYSTEM32\ntdll.dll
0x00000000772c0000 - 0x00000000773df000 	C:\windows\system32\kernel32.dll
0x000007fefd070000 - 0x000007fefd0d7000 	C:\windows\system32\KERNELBASE.dll
0x000007fefe810000 - 0x000007fefe8eb000 	C:\windows\system32\ADVAPI32.dll
0x000007feff210000 - 0x000007feff2af000 	C:\windows\system32\msvcrt.dll
0x000007feff680000 - 0x000007feff69f000 	C:\windows\SYSTEM32\sechost.dll
0x000007fefefa0000 - 0x000007feff0cc000 	C:\windows\system32\RPCRT4.dll
0x00000000773e0000 - 0x00000000774da000 	C:\windows\system32\USER32.dll
0x000007feff2b0000 - 0x000007feff317000 	C:\windows\system32\GDI32.dll
0x000007feff4e0000 - 0x000007feff4ee000 	C:\windows\system32\LPK.dll
0x000007feff6a0000 - 0x000007feff76b000 	C:\windows\system32\USP10.dll
0x000007fefb630000 - 0x000007fefb825000 	C:\windows\WinSxS\amd64_microsoft.windows.common-controls_6595b64144ccf1df_6.0.7601.24483_none_e372d88f30fbb845\COMCTL32.dll
0x000007fefd440000 - 0x000007fefd4b1000 	C:\windows\system32\SHLWAPI.dll
0x000007fefd410000 - 0x000007fefd43e000 	C:\windows\system32\IMM32.DLL
0x000007fefe700000 - 0x000007fefe80b000 	C:\windows\system32\MSCTF.dll
0x000007feeffb0000 - 0x000007fef0063000 	C:\Program Files\McAfee\Endpoint Security\Threat Prevention\Ips\EpMPApi.dll
0x000007fefd0e0000 - 0x000007fefd11b000 	C:\windows\system32\WINTRUST.dll
0x000007fefd150000 - 0x000007fefd2bd000 	C:\windows\system32\CRYPT32.dll
0x000007fefd030000 - 0x000007fefd03f000 	C:\windows\system32\MSASN1.dll
0x000007fefc7d0000 - 0x000007fefc7e8000 	C:\windows\system32\CRYPTSP.dll
0x000007fefc4d0000 - 0x000007fefc517000 	C:\windows\system32\rsaenh.dll
0x000007fefce90000 - 0x000007fefce9f000 	C:\windows\system32\CRYPTBASE.dll
0x000007fefd3f0000 - 0x000007fefd409000 	C:\windows\system32\imagehlp.dll
0x000007fefc9a0000 - 0x000007fefc9f0000 	C:\windows\system32\ncrypt.dll
0x000007fefc970000 - 0x000007fefc992000 	C:\windows\system32\bcrypt.dll
0x000007fefc8e0000 - 0x000007fefc92c000 	C:\windows\system32\bcryptprimitives.dll
0x000007fefd130000 - 0x000007fefd14f000 	C:\windows\system32\USERENV.dll
0x000007fefd040000 - 0x000007fefd04f000 	C:\windows\system32\profapi.dll
0x000007fefc2d0000 - 0x000007fefc2eb000 	C:\windows\system32\GPAPI.dll
0x000007fef8390000 - 0x000007fef83b7000 	C:\windows\system32\cryptnet.dll
0x000007feff320000 - 0x000007feff372000 	C:\windows\system32\WLDAP32.dll
0x0000000073090000 - 0x00000000730aa000 	C:\Program Files\Common Files\McAfee\SystemCore\mfehida.dll
0x0000000077690000 - 0x0000000077697000 	C:\windows\system32\PSAPI.DLL
0x0000000073040000 - 0x000000007307a000 	C:\Program Files\Common Files\McAfee\SystemCore\mfemmsa.dll
0x0000000072350000 - 0x000000007235c000 	C:\Program Files\McAfee\Endpoint Security\Threat Prevention\Ips\EpMPThe.dll
0x00000000670d0000 - 0x00000000671a2000 	D:\Programs\Java\jre1.8.0_191\bin\msvcr100.dll
0x0000000070a00000 - 0x00000000712a4000 	D:\Programs\Java\jre1.8.0_191\bin\server\jvm.dll
0x000007fefa180000 - 0x000007fefa189000 	C:\windows\system32\WSOCK32.dll
0x000007feff780000 - 0x000007feff7cd000 	C:\windows\system32\WS2_32.dll
0x000007feff770000 - 0x000007feff778000 	C:\windows\system32\NSI.dll
0x000007fefaee0000 - 0x000007fefaf1b000 	C:\windows\system32\WINMM.dll
0x000007fefc100000 - 0x000007fefc10c000 	C:\windows\system32\VERSION.dll
0x0000000069710000 - 0x000000006971f000 	D:\Programs\Java\jre1.8.0_191\bin\verify.dll
0x000000005fe40000 - 0x000000005fe69000 	D:\Programs\Java\jre1.8.0_191\bin\java.dll
0x00000000002e0000 - 0x0000000000315000 	D:\Programs\Java\jre1.8.0_191\bin\jdwp.dll
0x00000000002a0000 - 0x00000000002a8000 	D:\Programs\Java\jre1.8.0_191\bin\npt.dll
0x0000000000320000 - 0x0000000000343000 	D:\Programs\Java\jre1.8.0_191\bin\instrument.dll
0x00000000680e0000 - 0x00000000680f6000 	D:\Programs\Java\jre1.8.0_191\bin\zip.dll
0x000007fefd790000 - 0x000007fefe51b000 	C:\windows\system32\SHELL32.dll
0x000007fefe8f0000 - 0x000007fefeaef000 	C:\windows\system32\ole32.dll
0x0000000001d80000 - 0x0000000001d89000 	D:\Programs\Java\jre1.8.0_191\bin\dt_socket.dll
0x000007fefa910000 - 0x000007fefa925000 	C:\windows\system32\NLAapi.dll
0x000007fef8ef0000 - 0x000007fef8f05000 	C:\windows\system32\napinsp.dll
0x000007fef88c0000 - 0x000007fef88d9000 	C:\windows\system32\pnrpnsp.dll
0x000007fefc770000 - 0x000007fefc7c5000 	C:\windows\System32\mswsock.dll
0x000007fefc5f0000 - 0x000007fefc64b000 	C:\windows\system32\DNSAPI.dll
0x000007fef8ed0000 - 0x000007fef8edb000 	C:\windows\System32\winrnr.dll
0x000007fef8830000 - 0x000007fef8840000 	C:\windows\system32\wshbth.dll
0x000007fefb3e0000 - 0x000007fefb407000 	C:\windows\system32\IPHLPAPI.DLL
0x000007fefb3d0000 - 0x000007fefb3db000 	C:\windows\system32\WINNSI.DLL
0x000007fef9d10000 - 0x000007fef9d63000 	C:\windows\System32\fwpuclnt.dll
0x000007fef8ee0000 - 0x000007fef8ee8000 	C:\windows\system32\rasadhlp.dll
0x000007fefc1d0000 - 0x000007fefc1d7000 	C:\windows\System32\wshtcpip.dll
0x000000006a060000 - 0x000000006a07a000 	D:\Programs\Java\jre1.8.0_191\bin\net.dll
0x000007fefc760000 - 0x000007fefc767000 	C:\windows\System32\wship6.dll

VM Arguments:
jvm_args: -agentlib:jdwp=transport=dt_socket,suspend=y,address=localhost:56693 -javaagent:D:\Programs\eclipse\jee-2018-09\eclipse\configuration\org.eclipse.osgi\419\0\.cp\lib\javaagent-shaded.jar -Dfile.encoding=GBK 
java_command: ch16.C16_1
java_class_path (initial): D:\Programs\MyGitPlace\面向对象程序设计--Java\ch16\bin;C:\N-5CG5343PNB-Data\hliu047\Desktop\mysql-connector-java-5.1.39-bin.jar;D:\Programs\eclipse\jee-2018-09\eclipse\configuration\org.eclipse.osgi\419\0\.cp\lib\javaagent-shaded.jar
Launcher Type: SUN_STANDARD

Environment Variables:
JAVA_HOME=D:\Programs\Java\jdk1.8.0_191
CLASSPATH=.;D:\Programs\Java\jdk1.8.0_191\lib;D:\Programs\Java\jdk1.8.0_191\lib\dt.jar;D:\Programs\Java\jdk1.8.0_191\lib\tools.jar;
PATH=D:/Programs/Java/jre1.8.0_191/bin/server;D:/Programs/Java/jre1.8.0_191/bin;D:/Programs/Java/jre1.8.0_191/lib/amd64;D:\Program Files\Python36\Scripts\;D:\Program Files\Python36\;C:\Program Files (x86)\Common Files\Oracle\Java\javapath;C:\windows\system32;C:\windows;C:\windows\System32\Wbem;C:\windows\System32\WindowsPowerShell\v1.0\;D:\Program Files\nodejs\;D:\Program Files\PuTTY\;D:\Programs\Java\jdk1.8.0_191\bin;D:\Programs\Java\jdk1.8.0_191\jre\bin;D:\Programs\Maven\apache-maven-3.6.0\bin;c:/cygwin/bin;D:\Program Files\Git\cmd;D:\msys64\mingw64\bin;C:\Program Files (x86)\Webex\Webex\Applications;C:\Program Files (x86)\Sennheiser\SoftphoneSDK\;D:\Programs\Microsoft VS Code\bin;C:\Users\hliu047\AppData\Roaming\npm;D:\Programs\eclipse\jee-2018-09\eclipse;
USERNAME=hliu047
OS=Windows_NT
PROCESSOR_IDENTIFIER=Intel64 Family 6 Model 60 Stepping 3, GenuineIntel



---------------  S Y S T E M  ---------------

OS: Windows 7 , 64 bit Build 7601 (6.1.7601.24520)

CPU:total 4 (initial active 4) (2 cores per cpu, 2 threads per core) family 6 model 60 stepping 3, cmov, cx8, fxsr, mmx, sse, sse2, sse3, ssse3, sse4.1, sse4.2, popcnt, avx, avx2, aes, clmul, erms, rtm, lzcnt, ht, tsc, tscinvbit, bmi1, bmi2

Memory: 4k page, physical 8299632k(2168756k free), swap 16597364k(6402684k free)

vm_info: Java HotSpot(TM) 64-Bit Server VM (25.191-b12) for windows-amd64 JRE (1.8.0_191-b12), built on Oct  6 2018 09:29:03 by "java_re" with MS VC++ 10.0 (VS2010)

time: Wed Nov 20 15:16:18 2019
elapsed time: 2676 seconds (0d 0h 44m 36s)

